<?xml version="1.0" encoding="UTF-8"?>
<!-- Generated by org.testng.reporters.JUnitReportReporter -->
<testsuite hostname="dengsh" name="com.kkb.test.steps.pc.gxb.personcenter.ModifyUserInfoStep" tests="2" failures="1" timestamp="14 Sep 2015 10:56:43 GMT" time="6.976" errors="0">
  <testcase name="testUserInfo" time="6.435" classname="com.kkb.test.steps.pc.gxb.personcenter.ModifyUserInfoStep"/>
  <testcase name="testAvatars" time="0.541" classname="com.kkb.test.steps.pc.gxb.personcenter.ModifyUserInfoStep">
    <failure type="java.lang.AssertionError" message="testCurrencyAdd  failed  &gt;&gt; null">
      <![CDATA[java.lang.AssertionError: testCurrencyAdd  failed  >> null
	at org.testng.Assert.fail(Assert.java:94)
	at com.kkb.test.steps.pc.gxb.personcenter.ModifyUserInfoStep.testAvatars(ModifyUserInfoStep.java:63)
	at sun.reflect.NativeMethodAccessorImpl.invoke0(Native Method)
	at sun.reflect.NativeMethodAccessorImpl.invoke(NativeMethodAccessorImpl.java:62)
	at sun.reflect.DelegatingMethodAccessorImpl.invoke(DelegatingMethodAccessorImpl.java:43)
	at java.lang.reflect.Method.invoke(Method.java:483)
	at org.testng.internal.MethodInvocationHelper.invokeMethod(MethodInvocationHelper.java:85)
	at org.testng.internal.Invoker.invokeMethod(Invoker.java:659)
	at org.testng.internal.Invoker.invokeTestMethod(Invoker.java:845)
	at org.testng.internal.Invoker.invokeTestMethods(Invoker.java:1153)
	at org.testng.internal.TestMethodWorker.invokeTestMethods(TestMethodWorker.java:125)
	at org.testng.internal.TestMethodWorker.run(TestMethodWorker.java:108)
	at org.testng.TestRunner.privateRun(TestRunner.java:771)
	at org.testng.TestRunner.run(TestRunner.java:621)
	at org.testng.SuiteRunner.runTest(SuiteRunner.java:357)
	at org.testng.SuiteRunner.access$000(SuiteRunner.java:38)
	at org.testng.SuiteRunner$SuiteWorker.run(SuiteRunner.java:391)
	at org.testng.internal.thread.ThreadUtil$2.call(ThreadUtil.java:64)
	at java.util.concurrent.FutureTask.run(FutureTask.java:266)
	at java.util.concurrent.ThreadPoolExecutor.runWorker(ThreadPoolExecutor.java:1142)
	at java.util.concurrent.ThreadPoolExecutor$Worker.run(ThreadPoolExecutor.java:617)
	at java.lang.Thread.run(Thread.java:745)
]]>
    </failure>
  </testcase> <!-- testAvatars -->
</testsuite> <!-- com.kkb.test.steps.pc.gxb.personcenter.ModifyUserInfoStep -->
