<?xml version="1.0" encoding="UTF-8"?>
<!-- Generated by org.testng.reporters.JUnitReportReporter -->
<testsuite hostname="dengsh" name="com.kkb.test.steps.BaseStep" tests="1" failures="0" timestamp="13 Sep 2015 10:07:33 GMT" time="58.873" errors="0">
  <testcase name="init" time="58.873" classname="com.kkb.test.steps.BaseStep"/>
</testsuite> <!-- com.kkb.test.steps.BaseStep -->
