<?xml version="1.0" encoding="UTF-8"?>
<!-- Generated by org.testng.reporters.JUnitReportReporter -->
<testsuite hostname="dengsh" name="com.kkb.test.steps.pc.gxb.LoginStep" tests="1" failures="0" timestamp="13 Sep 2015 14:40:23 GMT" time="0.012" errors="0">
  <testcase name="test" time="0.012" classname="com.kkb.test.steps.pc.gxb.LoginStep"/>
</testsuite> <!-- com.kkb.test.steps.pc.gxb.LoginStep -->
