<?xml version="1.0" encoding="UTF-8"?>
<!-- Generated by org.testng.reporters.JUnitReportReporter -->
<testsuite hostname="dengsh" name="com.kkb.test.SampleTestNgTest" tests="1" failures="0" timestamp="13 Sep 2015 08:03:37 GMT" time="34.502" errors="0">
  <testcase name="testHomePageHasAHeader" time="34.502" classname="com.kkb.test.SampleTestNgTest"/>
</testsuite> <!-- com.kkb.test.SampleTestNgTest -->
